<?xml version="1.0" encoding="UTF-8"?>
<!-- Generated by org.testng.reporters.JUnitXMLReporter -->
<testsuite ignored="0" hostname="MuraliKrishnaK" failures="1" tests="1" name="Test" time="81.036" errors="0" timestamp="2024-06-28T18:48:20 IST">
  <testcase classname="com.mk.utilities.DriverInitialisation" name="runScenario" time="72.221">
    <failure type="java.lang.AssertionError" message="expected [true] but found [false]">
      <![CDATA[java.lang.AssertionError: expected [true] but found [false]
at com.mk.utilities.CommonMethods.hardAssert(CommonMethods.java:52)
at com.mk.testsamazon.LoginTests.verify_if_login_page_is_displayed(LoginTests.java:34)
at ✽.Verify if login page is displayed(file:///C:/Users/mural/Downloads/Framework/src/test/resources/Features/Web/Amazon/Login.feature:7)
... Removed 4 stack frames]]>
    </failure>
  </testcase> <!-- runScenario -->
</testsuite> <!-- Test -->
